<?xml version="1.0" encoding="UTF-8"?>
<!-- Generated by org.testng.reporters.JUnitReportReporter -->
<testsuite skipped="0" hostname="LAPTOP-LVUL4EKB" name="testCases.TC_VideoGameAPI" tests="5" failures="0" timestamp="04 Jun 2022 19:22:43 GMT" time="4.291" errors="0">
  <testcase name="test_getAllVideoGames" time="2.768" classname="testCases.TC_VideoGameAPI"/>
  <testcase name="test_addNewVideoGame" time="0.838" classname="testCases.TC_VideoGameAPI"/>
  <testcase name="test_getVideoGame" time="0.571" classname="testCases.TC_VideoGameAPI"/>
  <testcase name="test_updateVideoGame" time="0.077" classname="testCases.TC_VideoGameAPI"/>
  <testcase name="test_deleteVideoGame" time="0.037" classname="testCases.TC_VideoGameAPI"/>
</testsuite> <!-- testCases.TC_VideoGameAPI -->
