<?xml version="1.0" encoding="UTF-8"?>
<!-- Generated by org.testng.reporters.JUnitReportReporter -->
<testsuite skipped="0" hostname="LAPTOP-LVUL4EKB" name="testCases.TC_VideoGameAPI" tests="5" failures="0" timestamp="04 Jun 2022 20:12:36 GMT" time="7.280" errors="0">
  <testcase name="test_getAllVideoGames" time="2.977" classname="testCases.TC_VideoGameAPI"/>
  <testcase name="test_addNewVideoGame" time="0.660" classname="testCases.TC_VideoGameAPI"/>
  <testcase name="test_getVideoGame" time="0.526" classname="testCases.TC_VideoGameAPI"/>
  <testcase name="test_updateVideoGame" time="0.077" classname="testCases.TC_VideoGameAPI"/>
  <testcase name="test_deleteVideoGame" time="3.040" classname="testCases.TC_VideoGameAPI"/>
</testsuite> <!-- testCases.TC_VideoGameAPI -->
